cycle 0
$00: 0x00000000
$01: 0x00000000
$02: 0x00000000
$03: 0x00000000
$04: 0x00000000
$05: 0x00000000
$06: 0x00000000
$07: 0x00000000
$08: 0x00000000
$09: 0x00000000
$10: 0x00000000
$11: 0x00000000
$12: 0x00000000
$13: 0x00000000
$14: 0x00000000
$15: 0x00000000
$16: 0x00000000
$17: 0x00000000
$18: 0x00000000
$19: 0x00000000
$20: 0x00000000
$21: 0x00000000
$22: 0x00000000
$23: 0x00000000
$24: 0x00000000
$25: 0x00000000
$26: 0x00000000
$27: 0x00000000
$28: 0x00000000
$29: 0x0000001E
$30: 0x00000000
$31: 0x00000000
PC: 0x00000000
IF: 0x8C010000
ID: NOP
EX: NOP
DM: NOP
WB: NOP


cycle 1
$00: 0x00000000
$01: 0x00000000
$02: 0x00000000
$03: 0x00000000
$04: 0x00000000
$05: 0x00000000
$06: 0x00000000
$07: 0x00000000
$08: 0x00000000
$09: 0x00000000
$10: 0x00000000
$11: 0x00000000
$12: 0x00000000
$13: 0x00000000
$14: 0x00000000
$15: 0x00000000
$16: 0x00000000
$17: 0x00000000
$18: 0x00000000
$19: 0x00000000
$20: 0x00000000
$21: 0x00000000
$22: 0x00000000
$23: 0x00000000
$24: 0x00000000
$25: 0x00000000
$26: 0x00000000
$27: 0x00000000
$28: 0x00000000
$29: 0x0000001E
$30: 0x00000000
$31: 0x00000000
PC: 0x00000004
IF: 0x8C020004
ID: LW
EX: NOP
DM: NOP
WB: NOP


cycle 2
$00: 0x00000000
$01: 0x00000000
$02: 0x00000000
$03: 0x00000000
$04: 0x00000000
$05: 0x00000000
$06: 0x00000000
$07: 0x00000000
$08: 0x00000000
$09: 0x00000000
$10: 0x00000000
$11: 0x00000000
$12: 0x00000000
$13: 0x00000000
$14: 0x00000000
$15: 0x00000000
$16: 0x00000000
$17: 0x00000000
$18: 0x00000000
$19: 0x00000000
$20: 0x00000000
$21: 0x00000000
$22: 0x00000000
$23: 0x00000000
$24: 0x00000000
$25: 0x00000000
$26: 0x00000000
$27: 0x00000000
$28: 0x00000000
$29: 0x0000001E
$30: 0x00000000
$31: 0x00000000
PC: 0x00000008
IF: 0x00221820
ID: LW
EX: LW
DM: NOP
WB: NOP


cycle 3
$00: 0x00000000
$01: 0x00000000
$02: 0x00000000
$03: 0x00000000
$04: 0x00000000
$05: 0x00000000
$06: 0x00000000
$07: 0x00000000
$08: 0x00000000
$09: 0x00000000
$10: 0x00000000
$11: 0x00000000
$12: 0x00000000
$13: 0x00000000
$14: 0x00000000
$15: 0x00000000
$16: 0x00000000
$17: 0x00000000
$18: 0x00000000
$19: 0x00000000
$20: 0x00000000
$21: 0x00000000
$22: 0x00000000
$23: 0x00000000
$24: 0x00000000
$25: 0x00000000
$26: 0x00000000
$27: 0x00000000
$28: 0x00000000
$29: 0x0000001E
$30: 0x00000000
$31: 0x00000000
PC: 0x0000000C
IF: 0x00222024 to_be_stalled
ID: ADD to_be_stalled
EX: LW
DM: LW
WB: NOP


cycle 4
$00: 0x00000000
$01: 0x00000000
$02: 0x00000000
$03: 0x00000000
$04: 0x00000000
$05: 0x00000000
$06: 0x00000000
$07: 0x00000000
$08: 0x00000000
$09: 0x00000000
$10: 0x00000000
$11: 0x00000000
$12: 0x00000000
$13: 0x00000000
$14: 0x00000000
$15: 0x00000000
$16: 0x00000000
$17: 0x00000000
$18: 0x00000000
$19: 0x00000000
$20: 0x00000000
$21: 0x00000000
$22: 0x00000000
$23: 0x00000000
$24: 0x00000000
$25: 0x00000000
$26: 0x00000000
$27: 0x00000000
$28: 0x00000000
$29: 0x0000001E
$30: 0x00000000
$31: 0x00000000
PC: 0x0000000C
IF: 0x00222024 to_be_stalled
ID: ADD to_be_stalled
EX: NOP
DM: LW
WB: LW


cycle 5
$00: 0x00000000
$01: 0x7FFFFFD0
$02: 0x00000000
$03: 0x00000000
$04: 0x00000000
$05: 0x00000000
$06: 0x00000000
$07: 0x00000000
$08: 0x00000000
$09: 0x00000000
$10: 0x00000000
$11: 0x00000000
$12: 0x00000000
$13: 0x00000000
$14: 0x00000000
$15: 0x00000000
$16: 0x00000000
$17: 0x00000000
$18: 0x00000000
$19: 0x00000000
$20: 0x00000000
$21: 0x00000000
$22: 0x00000000
$23: 0x00000000
$24: 0x00000000
$25: 0x00000000
$26: 0x00000000
$27: 0x00000000
$28: 0x00000000
$29: 0x0000001E
$30: 0x00000000
$31: 0x00000000
PC: 0x0000000C
IF: 0x00222024
ID: ADD
EX: NOP
DM: NOP
WB: LW


cycle 6
$00: 0x00000000
$01: 0x7FFFFFD0
$02: 0x7FFFFFFF
$03: 0x00000000
$04: 0x00000000
$05: 0x00000000
$06: 0x00000000
$07: 0x00000000
$08: 0x00000000
$09: 0x00000000
$10: 0x00000000
$11: 0x00000000
$12: 0x00000000
$13: 0x00000000
$14: 0x00000000
$15: 0x00000000
$16: 0x00000000
$17: 0x00000000
$18: 0x00000000
$19: 0x00000000
$20: 0x00000000
$21: 0x00000000
$22: 0x00000000
$23: 0x00000000
$24: 0x00000000
$25: 0x00000000
$26: 0x00000000
$27: 0x00000000
$28: 0x00000000
$29: 0x0000001E
$30: 0x00000000
$31: 0x00000000
PC: 0x00000010
IF: 0x3C1EFFFF
ID: AND
EX: ADD
DM: NOP
WB: NOP


cycle 7
$00: 0x00000000
$01: 0x7FFFFFD0
$02: 0x7FFFFFFF
$03: 0x00000000
$04: 0x00000000
$05: 0x00000000
$06: 0x00000000
$07: 0x00000000
$08: 0x00000000
$09: 0x00000000
$10: 0x00000000
$11: 0x00000000
$12: 0x00000000
$13: 0x00000000
$14: 0x00000000
$15: 0x00000000
$16: 0x00000000
$17: 0x00000000
$18: 0x00000000
$19: 0x00000000
$20: 0x00000000
$21: 0x00000000
$22: 0x00000000
$23: 0x00000000
$24: 0x00000000
$25: 0x00000000
$26: 0x00000000
$27: 0x00000000
$28: 0x00000000
$29: 0x0000001E
$30: 0x00000000
$31: 0x00000000
PC: 0x00000014
IF: 0x03DE0820
ID: LUI
EX: AND
DM: ADD
WB: NOP


cycle 8
$00: 0x00000000
$01: 0x7FFFFFD0
$02: 0x7FFFFFFF
$03: 0x00000000
$04: 0x00000000
$05: 0x00000000
$06: 0x00000000
$07: 0x00000000
$08: 0x00000000
$09: 0x00000000
$10: 0x00000000
$11: 0x00000000
$12: 0x00000000
$13: 0x00000000
$14: 0x00000000
$15: 0x00000000
$16: 0x00000000
$17: 0x00000000
$18: 0x00000000
$19: 0x00000000
$20: 0x00000000
$21: 0x00000000
$22: 0x00000000
$23: 0x00000000
$24: 0x00000000
$25: 0x00000000
$26: 0x00000000
$27: 0x00000000
$28: 0x00000000
$29: 0x0000001E
$30: 0x00000000
$31: 0x00000000
PC: 0x00000018
IF: 0x00222822
ID: ADD
EX: LUI
DM: AND
WB: ADD


cycle 9
$00: 0x00000000
$01: 0x7FFFFFD0
$02: 0x7FFFFFFF
$03: 0xFFFFFFCF
$04: 0x00000000
$05: 0x00000000
$06: 0x00000000
$07: 0x00000000
$08: 0x00000000
$09: 0x00000000
$10: 0x00000000
$11: 0x00000000
$12: 0x00000000
$13: 0x00000000
$14: 0x00000000
$15: 0x00000000
$16: 0x00000000
$17: 0x00000000
$18: 0x00000000
$19: 0x00000000
$20: 0x00000000
$21: 0x00000000
$22: 0x00000000
$23: 0x00000000
$24: 0x00000000
$25: 0x00000000
$26: 0x00000000
$27: 0x00000000
$28: 0x00000000
$29: 0x0000001E
$30: 0x00000000
$31: 0x00000000
PC: 0x0000001C
IF: 0x00A53024
ID: SUB
EX: ADD fwd_EX-DM_rs_$30 fwd_EX-DM_rt_$30
DM: LUI
WB: AND


cycle 10
$00: 0x00000000
$01: 0x7FFFFFD0
$02: 0x7FFFFFFF
$03: 0xFFFFFFCF
$04: 0x7FFFFFD0
$05: 0x00000000
$06: 0x00000000
$07: 0x00000000
$08: 0x00000000
$09: 0x00000000
$10: 0x00000000
$11: 0x00000000
$12: 0x00000000
$13: 0x00000000
$14: 0x00000000
$15: 0x00000000
$16: 0x00000000
$17: 0x00000000
$18: 0x00000000
$19: 0x00000000
$20: 0x00000000
$21: 0x00000000
$22: 0x00000000
$23: 0x00000000
$24: 0x00000000
$25: 0x00000000
$26: 0x00000000
$27: 0x00000000
$28: 0x00000000
$29: 0x0000001E
$30: 0x00000000
$31: 0x00000000
PC: 0x00000020
IF: 0x20010005
ID: AND
EX: SUB fwd_EX-DM_rs_$1
DM: ADD
WB: LUI


cycle 11
$00: 0x00000000
$01: 0x7FFFFFD0
$02: 0x7FFFFFFF
$03: 0xFFFFFFCF
$04: 0x7FFFFFD0
$05: 0x00000000
$06: 0x00000000
$07: 0x00000000
$08: 0x00000000
$09: 0x00000000
$10: 0x00000000
$11: 0x00000000
$12: 0x00000000
$13: 0x00000000
$14: 0x00000000
$15: 0x00000000
$16: 0x00000000
$17: 0x00000000
$18: 0x00000000
$19: 0x00000000
$20: 0x00000000
$21: 0x00000000
$22: 0x00000000
$23: 0x00000000
$24: 0x00000000
$25: 0x00000000
$26: 0x00000000
$27: 0x00000000
$28: 0x00000000
$29: 0x0000001E
$30: 0xFFFF0000
$31: 0x00000000
PC: 0x00000024
IF: 0x30C20000
ID: ADDI
EX: AND fwd_EX-DM_rs_$5 fwd_EX-DM_rt_$5
DM: SUB
WB: ADD


cycle 12
$00: 0x00000000
$01: 0xFFFE0000
$02: 0x7FFFFFFF
$03: 0xFFFFFFCF
$04: 0x7FFFFFD0
$05: 0x00000000
$06: 0x00000000
$07: 0x00000000
$08: 0x00000000
$09: 0x00000000
$10: 0x00000000
$11: 0x00000000
$12: 0x00000000
$13: 0x00000000
$14: 0x00000000
$15: 0x00000000
$16: 0x00000000
$17: 0x00000000
$18: 0x00000000
$19: 0x00000000
$20: 0x00000000
$21: 0x00000000
$22: 0x00000000
$23: 0x00000000
$24: 0x00000000
$25: 0x00000000
$26: 0x00000000
$27: 0x00000000
$28: 0x00000000
$29: 0x0000001E
$30: 0xFFFF0000
$31: 0x00000000
PC: 0x00000028
IF: 0x00000000 to_be_stalled
ID: ANDI to_be_stalled
EX: ADDI
DM: AND
WB: SUB


cycle 13
$00: 0x00000000
$01: 0xFFFE0000
$02: 0x7FFFFFFF
$03: 0xFFFFFFCF
$04: 0x7FFFFFD0
$05: 0x7FFE0001
$06: 0x00000000
$07: 0x00000000
$08: 0x00000000
$09: 0x00000000
$10: 0x00000000
$11: 0x00000000
$12: 0x00000000
$13: 0x00000000
$14: 0x00000000
$15: 0x00000000
$16: 0x00000000
$17: 0x00000000
$18: 0x00000000
$19: 0x00000000
$20: 0x00000000
$21: 0x00000000
$22: 0x00000000
$23: 0x00000000
$24: 0x00000000
$25: 0x00000000
$26: 0x00000000
$27: 0x00000000
$28: 0x00000000
$29: 0x0000001E
$30: 0xFFFF0000
$31: 0x00000000
PC: 0x00000028
IF: 0x00000000
ID: ANDI
EX: NOP
DM: ADDI
WB: AND


cycle 14
$00: 0x00000000
$01: 0xFFFE0000
$02: 0x7FFFFFFF
$03: 0xFFFFFFCF
$04: 0x7FFFFFD0
$05: 0x7FFE0001
$06: 0x7FFE0001
$07: 0x00000000
$08: 0x00000000
$09: 0x00000000
$10: 0x00000000
$11: 0x00000000
$12: 0x00000000
$13: 0x00000000
$14: 0x00000000
$15: 0x00000000
$16: 0x00000000
$17: 0x00000000
$18: 0x00000000
$19: 0x00000000
$20: 0x00000000
$21: 0x00000000
$22: 0x00000000
$23: 0x00000000
$24: 0x00000000
$25: 0x00000000
$26: 0x00000000
$27: 0x00000000
$28: 0x00000000
$29: 0x0000001E
$30: 0xFFFF0000
$31: 0x00000000
PC: 0x0000002C
IF: 0x00000000
ID: NOP
EX: ANDI
DM: NOP
WB: ADDI


cycle 15
$00: 0x00000000
$01: 0x00000005
$02: 0x7FFFFFFF
$03: 0xFFFFFFCF
$04: 0x7FFFFFD0
$05: 0x7FFE0001
$06: 0x7FFE0001
$07: 0x00000000
$08: 0x00000000
$09: 0x00000000
$10: 0x00000000
$11: 0x00000000
$12: 0x00000000
$13: 0x00000000
$14: 0x00000000
$15: 0x00000000
$16: 0x00000000
$17: 0x00000000
$18: 0x00000000
$19: 0x00000000
$20: 0x00000000
$21: 0x00000000
$22: 0x00000000
$23: 0x00000000
$24: 0x00000000
$25: 0x00000000
$26: 0x00000000
$27: 0x00000000
$28: 0x00000000
$29: 0x0000001E
$30: 0xFFFF0000
$31: 0x00000000
PC: 0x00000030
IF: 0x20420001
ID: NOP
EX: NOP
DM: ANDI
WB: NOP


cycle 16
$00: 0x00000000
$01: 0x00000005
$02: 0x7FFFFFFF
$03: 0xFFFFFFCF
$04: 0x7FFFFFD0
$05: 0x7FFE0001
$06: 0x7FFE0001
$07: 0x00000000
$08: 0x00000000
$09: 0x00000000
$10: 0x00000000
$11: 0x00000000
$12: 0x00000000
$13: 0x00000000
$14: 0x00000000
$15: 0x00000000
$16: 0x00000000
$17: 0x00000000
$18: 0x00000000
$19: 0x00000000
$20: 0x00000000
$21: 0x00000000
$22: 0x00000000
$23: 0x00000000
$24: 0x00000000
$25: 0x00000000
$26: 0x00000000
$27: 0x00000000
$28: 0x00000000
$29: 0x0000001E
$30: 0xFFFF0000
$31: 0x00000000
PC: 0x00000034
IF: 0x1422FFFC
ID: ADDI
EX: NOP
DM: NOP
WB: ANDI


cycle 17
$00: 0x00000000
$01: 0x00000005
$02: 0x00000000
$03: 0xFFFFFFCF
$04: 0x7FFFFFD0
$05: 0x7FFE0001
$06: 0x7FFE0001
$07: 0x00000000
$08: 0x00000000
$09: 0x00000000
$10: 0x00000000
$11: 0x00000000
$12: 0x00000000
$13: 0x00000000
$14: 0x00000000
$15: 0x00000000
$16: 0x00000000
$17: 0x00000000
$18: 0x00000000
$19: 0x00000000
$20: 0x00000000
$21: 0x00000000
$22: 0x00000000
$23: 0x00000000
$24: 0x00000000
$25: 0x00000000
$26: 0x00000000
$27: 0x00000000
$28: 0x00000000
$29: 0x0000001E
$30: 0xFFFF0000
$31: 0x00000000
PC: 0x00000038
IF: 0x00A64026 to_be_stalled
ID: BNE to_be_stalled
EX: ADDI
DM: NOP
WB: NOP


cycle 18
$00: 0x00000000
$01: 0x00000005
$02: 0x00000000
$03: 0xFFFFFFCF
$04: 0x7FFFFFD0
$05: 0x7FFE0001
$06: 0x7FFE0001
$07: 0x00000000
$08: 0x00000000
$09: 0x00000000
$10: 0x00000000
$11: 0x00000000
$12: 0x00000000
$13: 0x00000000
$14: 0x00000000
$15: 0x00000000
$16: 0x00000000
$17: 0x00000000
$18: 0x00000000
$19: 0x00000000
$20: 0x00000000
$21: 0x00000000
$22: 0x00000000
$23: 0x00000000
$24: 0x00000000
$25: 0x00000000
$26: 0x00000000
$27: 0x00000000
$28: 0x00000000
$29: 0x0000001E
$30: 0xFFFF0000
$31: 0x00000000
PC: 0x00000038
IF: 0x00A64026 to_be_flushed
ID: BNE fwd_EX-DM_rt_$2
EX: NOP
DM: ADDI
WB: NOP


cycle 19
$00: 0x00000000
$01: 0x00000005
$02: 0x00000000
$03: 0xFFFFFFCF
$04: 0x7FFFFFD0
$05: 0x7FFE0001
$06: 0x7FFE0001
$07: 0x00000000
$08: 0x00000000
$09: 0x00000000
$10: 0x00000000
$11: 0x00000000
$12: 0x00000000
$13: 0x00000000
$14: 0x00000000
$15: 0x00000000
$16: 0x00000000
$17: 0x00000000
$18: 0x00000000
$19: 0x00000000
$20: 0x00000000
$21: 0x00000000
$22: 0x00000000
$23: 0x00000000
$24: 0x00000000
$25: 0x00000000
$26: 0x00000000
$27: 0x00000000
$28: 0x00000000
$29: 0x0000001E
$30: 0xFFFF0000
$31: 0x00000000
PC: 0x00000028
IF: 0x00000000
ID: NOP
EX: BNE
DM: NOP
WB: ADDI


cycle 20
$00: 0x00000000
$01: 0x00000005
$02: 0x00000001
$03: 0xFFFFFFCF
$04: 0x7FFFFFD0
$05: 0x7FFE0001
$06: 0x7FFE0001
$07: 0x00000000
$08: 0x00000000
$09: 0x00000000
$10: 0x00000000
$11: 0x00000000
$12: 0x00000000
$13: 0x00000000
$14: 0x00000000
$15: 0x00000000
$16: 0x00000000
$17: 0x00000000
$18: 0x00000000
$19: 0x00000000
$20: 0x00000000
$21: 0x00000000
$22: 0x00000000
$23: 0x00000000
$24: 0x00000000
$25: 0x00000000
$26: 0x00000000
$27: 0x00000000
$28: 0x00000000
$29: 0x0000001E
$30: 0xFFFF0000
$31: 0x00000000
PC: 0x0000002C
IF: 0x00000000
ID: NOP
EX: NOP
DM: BNE
WB: NOP


cycle 21
$00: 0x00000000
$01: 0x00000005
$02: 0x00000001
$03: 0xFFFFFFCF
$04: 0x7FFFFFD0
$05: 0x7FFE0001
$06: 0x7FFE0001
$07: 0x00000000
$08: 0x00000000
$09: 0x00000000
$10: 0x00000000
$11: 0x00000000
$12: 0x00000000
$13: 0x00000000
$14: 0x00000000
$15: 0x00000000
$16: 0x00000000
$17: 0x00000000
$18: 0x00000000
$19: 0x00000000
$20: 0x00000000
$21: 0x00000000
$22: 0x00000000
$23: 0x00000000
$24: 0x00000000
$25: 0x00000000
$26: 0x00000000
$27: 0x00000000
$28: 0x00000000
$29: 0x0000001E
$30: 0xFFFF0000
$31: 0x00000000
PC: 0x00000030
IF: 0x20420001
ID: NOP
EX: NOP
DM: NOP
WB: BNE


cycle 22
$00: 0x00000000
$01: 0x00000005
$02: 0x00000001
$03: 0xFFFFFFCF
$04: 0x7FFFFFD0
$05: 0x7FFE0001
$06: 0x7FFE0001
$07: 0x00000000
$08: 0x00000000
$09: 0x00000000
$10: 0x00000000
$11: 0x00000000
$12: 0x00000000
$13: 0x00000000
$14: 0x00000000
$15: 0x00000000
$16: 0x00000000
$17: 0x00000000
$18: 0x00000000
$19: 0x00000000
$20: 0x00000000
$21: 0x00000000
$22: 0x00000000
$23: 0x00000000
$24: 0x00000000
$25: 0x00000000
$26: 0x00000000
$27: 0x00000000
$28: 0x00000000
$29: 0x0000001E
$30: 0xFFFF0000
$31: 0x00000000
PC: 0x00000034
IF: 0x1422FFFC
ID: ADDI
EX: NOP
DM: NOP
WB: NOP


cycle 23
$00: 0x00000000
$01: 0x00000005
$02: 0x00000001
$03: 0xFFFFFFCF
$04: 0x7FFFFFD0
$05: 0x7FFE0001
$06: 0x7FFE0001
$07: 0x00000000
$08: 0x00000000
$09: 0x00000000
$10: 0x00000000
$11: 0x00000000
$12: 0x00000000
$13: 0x00000000
$14: 0x00000000
$15: 0x00000000
$16: 0x00000000
$17: 0x00000000
$18: 0x00000000
$19: 0x00000000
$20: 0x00000000
$21: 0x00000000
$22: 0x00000000
$23: 0x00000000
$24: 0x00000000
$25: 0x00000000
$26: 0x00000000
$27: 0x00000000
$28: 0x00000000
$29: 0x0000001E
$30: 0xFFFF0000
$31: 0x00000000
PC: 0x00000038
IF: 0x00A64026 to_be_stalled
ID: BNE to_be_stalled
EX: ADDI
DM: NOP
WB: NOP


cycle 24
$00: 0x00000000
$01: 0x00000005
$02: 0x00000001
$03: 0xFFFFFFCF
$04: 0x7FFFFFD0
$05: 0x7FFE0001
$06: 0x7FFE0001
$07: 0x00000000
$08: 0x00000000
$09: 0x00000000
$10: 0x00000000
$11: 0x00000000
$12: 0x00000000
$13: 0x00000000
$14: 0x00000000
$15: 0x00000000
$16: 0x00000000
$17: 0x00000000
$18: 0x00000000
$19: 0x00000000
$20: 0x00000000
$21: 0x00000000
$22: 0x00000000
$23: 0x00000000
$24: 0x00000000
$25: 0x00000000
$26: 0x00000000
$27: 0x00000000
$28: 0x00000000
$29: 0x0000001E
$30: 0xFFFF0000
$31: 0x00000000
PC: 0x00000038
IF: 0x00A64026 to_be_flushed
ID: BNE fwd_EX-DM_rt_$2
EX: NOP
DM: ADDI
WB: NOP


cycle 25
$00: 0x00000000
$01: 0x00000005
$02: 0x00000001
$03: 0xFFFFFFCF
$04: 0x7FFFFFD0
$05: 0x7FFE0001
$06: 0x7FFE0001
$07: 0x00000000
$08: 0x00000000
$09: 0x00000000
$10: 0x00000000
$11: 0x00000000
$12: 0x00000000
$13: 0x00000000
$14: 0x00000000
$15: 0x00000000
$16: 0x00000000
$17: 0x00000000
$18: 0x00000000
$19: 0x00000000
$20: 0x00000000
$21: 0x00000000
$22: 0x00000000
$23: 0x00000000
$24: 0x00000000
$25: 0x00000000
$26: 0x00000000
$27: 0x00000000
$28: 0x00000000
$29: 0x0000001E
$30: 0xFFFF0000
$31: 0x00000000
PC: 0x00000028
IF: 0x00000000
ID: NOP
EX: BNE
DM: NOP
WB: ADDI


cycle 26
$00: 0x00000000
$01: 0x00000005
$02: 0x00000002
$03: 0xFFFFFFCF
$04: 0x7FFFFFD0
$05: 0x7FFE0001
$06: 0x7FFE0001
$07: 0x00000000
$08: 0x00000000
$09: 0x00000000
$10: 0x00000000
$11: 0x00000000
$12: 0x00000000
$13: 0x00000000
$14: 0x00000000
$15: 0x00000000
$16: 0x00000000
$17: 0x00000000
$18: 0x00000000
$19: 0x00000000
$20: 0x00000000
$21: 0x00000000
$22: 0x00000000
$23: 0x00000000
$24: 0x00000000
$25: 0x00000000
$26: 0x00000000
$27: 0x00000000
$28: 0x00000000
$29: 0x0000001E
$30: 0xFFFF0000
$31: 0x00000000
PC: 0x0000002C
IF: 0x00000000
ID: NOP
EX: NOP
DM: BNE
WB: NOP


cycle 27
$00: 0x00000000
$01: 0x00000005
$02: 0x00000002
$03: 0xFFFFFFCF
$04: 0x7FFFFFD0
$05: 0x7FFE0001
$06: 0x7FFE0001
$07: 0x00000000
$08: 0x00000000
$09: 0x00000000
$10: 0x00000000
$11: 0x00000000
$12: 0x00000000
$13: 0x00000000
$14: 0x00000000
$15: 0x00000000
$16: 0x00000000
$17: 0x00000000
$18: 0x00000000
$19: 0x00000000
$20: 0x00000000
$21: 0x00000000
$22: 0x00000000
$23: 0x00000000
$24: 0x00000000
$25: 0x00000000
$26: 0x00000000
$27: 0x00000000
$28: 0x00000000
$29: 0x0000001E
$30: 0xFFFF0000
$31: 0x00000000
PC: 0x00000030
IF: 0x20420001
ID: NOP
EX: NOP
DM: NOP
WB: BNE


cycle 28
$00: 0x00000000
$01: 0x00000005
$02: 0x00000002
$03: 0xFFFFFFCF
$04: 0x7FFFFFD0
$05: 0x7FFE0001
$06: 0x7FFE0001
$07: 0x00000000
$08: 0x00000000
$09: 0x00000000
$10: 0x00000000
$11: 0x00000000
$12: 0x00000000
$13: 0x00000000
$14: 0x00000000
$15: 0x00000000
$16: 0x00000000
$17: 0x00000000
$18: 0x00000000
$19: 0x00000000
$20: 0x00000000
$21: 0x00000000
$22: 0x00000000
$23: 0x00000000
$24: 0x00000000
$25: 0x00000000
$26: 0x00000000
$27: 0x00000000
$28: 0x00000000
$29: 0x0000001E
$30: 0xFFFF0000
$31: 0x00000000
PC: 0x00000034
IF: 0x1422FFFC
ID: ADDI
EX: NOP
DM: NOP
WB: NOP


cycle 29
$00: 0x00000000
$01: 0x00000005
$02: 0x00000002
$03: 0xFFFFFFCF
$04: 0x7FFFFFD0
$05: 0x7FFE0001
$06: 0x7FFE0001
$07: 0x00000000
$08: 0x00000000
$09: 0x00000000
$10: 0x00000000
$11: 0x00000000
$12: 0x00000000
$13: 0x00000000
$14: 0x00000000
$15: 0x00000000
$16: 0x00000000
$17: 0x00000000
$18: 0x00000000
$19: 0x00000000
$20: 0x00000000
$21: 0x00000000
$22: 0x00000000
$23: 0x00000000
$24: 0x00000000
$25: 0x00000000
$26: 0x00000000
$27: 0x00000000
$28: 0x00000000
$29: 0x0000001E
$30: 0xFFFF0000
$31: 0x00000000
PC: 0x00000038
IF: 0x00A64026 to_be_stalled
ID: BNE to_be_stalled
EX: ADDI
DM: NOP
WB: NOP


cycle 30
$00: 0x00000000
$01: 0x00000005
$02: 0x00000002
$03: 0xFFFFFFCF
$04: 0x7FFFFFD0
$05: 0x7FFE0001
$06: 0x7FFE0001
$07: 0x00000000
$08: 0x00000000
$09: 0x00000000
$10: 0x00000000
$11: 0x00000000
$12: 0x00000000
$13: 0x00000000
$14: 0x00000000
$15: 0x00000000
$16: 0x00000000
$17: 0x00000000
$18: 0x00000000
$19: 0x00000000
$20: 0x00000000
$21: 0x00000000
$22: 0x00000000
$23: 0x00000000
$24: 0x00000000
$25: 0x00000000
$26: 0x00000000
$27: 0x00000000
$28: 0x00000000
$29: 0x0000001E
$30: 0xFFFF0000
$31: 0x00000000
PC: 0x00000038
IF: 0x00A64026 to_be_flushed
ID: BNE fwd_EX-DM_rt_$2
EX: NOP
DM: ADDI
WB: NOP


cycle 31
$00: 0x00000000
$01: 0x00000005
$02: 0x00000002
$03: 0xFFFFFFCF
$04: 0x7FFFFFD0
$05: 0x7FFE0001
$06: 0x7FFE0001
$07: 0x00000000
$08: 0x00000000
$09: 0x00000000
$10: 0x00000000
$11: 0x00000000
$12: 0x00000000
$13: 0x00000000
$14: 0x00000000
$15: 0x00000000
$16: 0x00000000
$17: 0x00000000
$18: 0x00000000
$19: 0x00000000
$20: 0x00000000
$21: 0x00000000
$22: 0x00000000
$23: 0x00000000
$24: 0x00000000
$25: 0x00000000
$26: 0x00000000
$27: 0x00000000
$28: 0x00000000
$29: 0x0000001E
$30: 0xFFFF0000
$31: 0x00000000
PC: 0x00000028
IF: 0x00000000
ID: NOP
EX: BNE
DM: NOP
WB: ADDI


cycle 32
$00: 0x00000000
$01: 0x00000005
$02: 0x00000003
$03: 0xFFFFFFCF
$04: 0x7FFFFFD0
$05: 0x7FFE0001
$06: 0x7FFE0001
$07: 0x00000000
$08: 0x00000000
$09: 0x00000000
$10: 0x00000000
$11: 0x00000000
$12: 0x00000000
$13: 0x00000000
$14: 0x00000000
$15: 0x00000000
$16: 0x00000000
$17: 0x00000000
$18: 0x00000000
$19: 0x00000000
$20: 0x00000000
$21: 0x00000000
$22: 0x00000000
$23: 0x00000000
$24: 0x00000000
$25: 0x00000000
$26: 0x00000000
$27: 0x00000000
$28: 0x00000000
$29: 0x0000001E
$30: 0xFFFF0000
$31: 0x00000000
PC: 0x0000002C
IF: 0x00000000
ID: NOP
EX: NOP
DM: BNE
WB: NOP


cycle 33
$00: 0x00000000
$01: 0x00000005
$02: 0x00000003
$03: 0xFFFFFFCF
$04: 0x7FFFFFD0
$05: 0x7FFE0001
$06: 0x7FFE0001
$07: 0x00000000
$08: 0x00000000
$09: 0x00000000
$10: 0x00000000
$11: 0x00000000
$12: 0x00000000
$13: 0x00000000
$14: 0x00000000
$15: 0x00000000
$16: 0x00000000
$17: 0x00000000
$18: 0x00000000
$19: 0x00000000
$20: 0x00000000
$21: 0x00000000
$22: 0x00000000
$23: 0x00000000
$24: 0x00000000
$25: 0x00000000
$26: 0x00000000
$27: 0x00000000
$28: 0x00000000
$29: 0x0000001E
$30: 0xFFFF0000
$31: 0x00000000
PC: 0x00000030
IF: 0x20420001
ID: NOP
EX: NOP
DM: NOP
WB: BNE


cycle 34
$00: 0x00000000
$01: 0x00000005
$02: 0x00000003
$03: 0xFFFFFFCF
$04: 0x7FFFFFD0
$05: 0x7FFE0001
$06: 0x7FFE0001
$07: 0x00000000
$08: 0x00000000
$09: 0x00000000
$10: 0x00000000
$11: 0x00000000
$12: 0x00000000
$13: 0x00000000
$14: 0x00000000
$15: 0x00000000
$16: 0x00000000
$17: 0x00000000
$18: 0x00000000
$19: 0x00000000
$20: 0x00000000
$21: 0x00000000
$22: 0x00000000
$23: 0x00000000
$24: 0x00000000
$25: 0x00000000
$26: 0x00000000
$27: 0x00000000
$28: 0x00000000
$29: 0x0000001E
$30: 0xFFFF0000
$31: 0x00000000
PC: 0x00000034
IF: 0x1422FFFC
ID: ADDI
EX: NOP
DM: NOP
WB: NOP


cycle 35
$00: 0x00000000
$01: 0x00000005
$02: 0x00000003
$03: 0xFFFFFFCF
$04: 0x7FFFFFD0
$05: 0x7FFE0001
$06: 0x7FFE0001
$07: 0x00000000
$08: 0x00000000
$09: 0x00000000
$10: 0x00000000
$11: 0x00000000
$12: 0x00000000
$13: 0x00000000
$14: 0x00000000
$15: 0x00000000
$16: 0x00000000
$17: 0x00000000
$18: 0x00000000
$19: 0x00000000
$20: 0x00000000
$21: 0x00000000
$22: 0x00000000
$23: 0x00000000
$24: 0x00000000
$25: 0x00000000
$26: 0x00000000
$27: 0x00000000
$28: 0x00000000
$29: 0x0000001E
$30: 0xFFFF0000
$31: 0x00000000
PC: 0x00000038
IF: 0x00A64026 to_be_stalled
ID: BNE to_be_stalled
EX: ADDI
DM: NOP
WB: NOP


cycle 36
$00: 0x00000000
$01: 0x00000005
$02: 0x00000003
$03: 0xFFFFFFCF
$04: 0x7FFFFFD0
$05: 0x7FFE0001
$06: 0x7FFE0001
$07: 0x00000000
$08: 0x00000000
$09: 0x00000000
$10: 0x00000000
$11: 0x00000000
$12: 0x00000000
$13: 0x00000000
$14: 0x00000000
$15: 0x00000000
$16: 0x00000000
$17: 0x00000000
$18: 0x00000000
$19: 0x00000000
$20: 0x00000000
$21: 0x00000000
$22: 0x00000000
$23: 0x00000000
$24: 0x00000000
$25: 0x00000000
$26: 0x00000000
$27: 0x00000000
$28: 0x00000000
$29: 0x0000001E
$30: 0xFFFF0000
$31: 0x00000000
PC: 0x00000038
IF: 0x00A64026 to_be_flushed
ID: BNE fwd_EX-DM_rt_$2
EX: NOP
DM: ADDI
WB: NOP


cycle 37
$00: 0x00000000
$01: 0x00000005
$02: 0x00000003
$03: 0xFFFFFFCF
$04: 0x7FFFFFD0
$05: 0x7FFE0001
$06: 0x7FFE0001
$07: 0x00000000
$08: 0x00000000
$09: 0x00000000
$10: 0x00000000
$11: 0x00000000
$12: 0x00000000
$13: 0x00000000
$14: 0x00000000
$15: 0x00000000
$16: 0x00000000
$17: 0x00000000
$18: 0x00000000
$19: 0x00000000
$20: 0x00000000
$21: 0x00000000
$22: 0x00000000
$23: 0x00000000
$24: 0x00000000
$25: 0x00000000
$26: 0x00000000
$27: 0x00000000
$28: 0x00000000
$29: 0x0000001E
$30: 0xFFFF0000
$31: 0x00000000
PC: 0x00000028
IF: 0x00000000
ID: NOP
EX: BNE
DM: NOP
WB: ADDI


cycle 38
$00: 0x00000000
$01: 0x00000005
$02: 0x00000004
$03: 0xFFFFFFCF
$04: 0x7FFFFFD0
$05: 0x7FFE0001
$06: 0x7FFE0001
$07: 0x00000000
$08: 0x00000000
$09: 0x00000000
$10: 0x00000000
$11: 0x00000000
$12: 0x00000000
$13: 0x00000000
$14: 0x00000000
$15: 0x00000000
$16: 0x00000000
$17: 0x00000000
$18: 0x00000000
$19: 0x00000000
$20: 0x00000000
$21: 0x00000000
$22: 0x00000000
$23: 0x00000000
$24: 0x00000000
$25: 0x00000000
$26: 0x00000000
$27: 0x00000000
$28: 0x00000000
$29: 0x0000001E
$30: 0xFFFF0000
$31: 0x00000000
PC: 0x0000002C
IF: 0x00000000
ID: NOP
EX: NOP
DM: BNE
WB: NOP


cycle 39
$00: 0x00000000
$01: 0x00000005
$02: 0x00000004
$03: 0xFFFFFFCF
$04: 0x7FFFFFD0
$05: 0x7FFE0001
$06: 0x7FFE0001
$07: 0x00000000
$08: 0x00000000
$09: 0x00000000
$10: 0x00000000
$11: 0x00000000
$12: 0x00000000
$13: 0x00000000
$14: 0x00000000
$15: 0x00000000
$16: 0x00000000
$17: 0x00000000
$18: 0x00000000
$19: 0x00000000
$20: 0x00000000
$21: 0x00000000
$22: 0x00000000
$23: 0x00000000
$24: 0x00000000
$25: 0x00000000
$26: 0x00000000
$27: 0x00000000
$28: 0x00000000
$29: 0x0000001E
$30: 0xFFFF0000
$31: 0x00000000
PC: 0x00000030
IF: 0x20420001
ID: NOP
EX: NOP
DM: NOP
WB: BNE


cycle 40
$00: 0x00000000
$01: 0x00000005
$02: 0x00000004
$03: 0xFFFFFFCF
$04: 0x7FFFFFD0
$05: 0x7FFE0001
$06: 0x7FFE0001
$07: 0x00000000
$08: 0x00000000
$09: 0x00000000
$10: 0x00000000
$11: 0x00000000
$12: 0x00000000
$13: 0x00000000
$14: 0x00000000
$15: 0x00000000
$16: 0x00000000
$17: 0x00000000
$18: 0x00000000
$19: 0x00000000
$20: 0x00000000
$21: 0x00000000
$22: 0x00000000
$23: 0x00000000
$24: 0x00000000
$25: 0x00000000
$26: 0x00000000
$27: 0x00000000
$28: 0x00000000
$29: 0x0000001E
$30: 0xFFFF0000
$31: 0x00000000
PC: 0x00000034
IF: 0x1422FFFC
ID: ADDI
EX: NOP
DM: NOP
WB: NOP


cycle 41
$00: 0x00000000
$01: 0x00000005
$02: 0x00000004
$03: 0xFFFFFFCF
$04: 0x7FFFFFD0
$05: 0x7FFE0001
$06: 0x7FFE0001
$07: 0x00000000
$08: 0x00000000
$09: 0x00000000
$10: 0x00000000
$11: 0x00000000
$12: 0x00000000
$13: 0x00000000
$14: 0x00000000
$15: 0x00000000
$16: 0x00000000
$17: 0x00000000
$18: 0x00000000
$19: 0x00000000
$20: 0x00000000
$21: 0x00000000
$22: 0x00000000
$23: 0x00000000
$24: 0x00000000
$25: 0x00000000
$26: 0x00000000
$27: 0x00000000
$28: 0x00000000
$29: 0x0000001E
$30: 0xFFFF0000
$31: 0x00000000
PC: 0x00000038
IF: 0x00A64026 to_be_stalled
ID: BNE to_be_stalled
EX: ADDI
DM: NOP
WB: NOP


cycle 42
$00: 0x00000000
$01: 0x00000005
$02: 0x00000004
$03: 0xFFFFFFCF
$04: 0x7FFFFFD0
$05: 0x7FFE0001
$06: 0x7FFE0001
$07: 0x00000000
$08: 0x00000000
$09: 0x00000000
$10: 0x00000000
$11: 0x00000000
$12: 0x00000000
$13: 0x00000000
$14: 0x00000000
$15: 0x00000000
$16: 0x00000000
$17: 0x00000000
$18: 0x00000000
$19: 0x00000000
$20: 0x00000000
$21: 0x00000000
$22: 0x00000000
$23: 0x00000000
$24: 0x00000000
$25: 0x00000000
$26: 0x00000000
$27: 0x00000000
$28: 0x00000000
$29: 0x0000001E
$30: 0xFFFF0000
$31: 0x00000000
PC: 0x00000038
IF: 0x00A64026
ID: BNE fwd_EX-DM_rt_$2
EX: NOP
DM: ADDI
WB: NOP


cycle 43
$00: 0x00000000
$01: 0x00000005
$02: 0x00000004
$03: 0xFFFFFFCF
$04: 0x7FFFFFD0
$05: 0x7FFE0001
$06: 0x7FFE0001
$07: 0x00000000
$08: 0x00000000
$09: 0x00000000
$10: 0x00000000
$11: 0x00000000
$12: 0x00000000
$13: 0x00000000
$14: 0x00000000
$15: 0x00000000
$16: 0x00000000
$17: 0x00000000
$18: 0x00000000
$19: 0x00000000
$20: 0x00000000
$21: 0x00000000
$22: 0x00000000
$23: 0x00000000
$24: 0x00000000
$25: 0x00000000
$26: 0x00000000
$27: 0x00000000
$28: 0x00000000
$29: 0x0000001E
$30: 0xFFFF0000
$31: 0x00000000
PC: 0x0000003C
IF: 0x00A6582A
ID: XOR
EX: BNE
DM: NOP
WB: ADDI


cycle 44
$00: 0x00000000
$01: 0x00000005
$02: 0x00000005
$03: 0xFFFFFFCF
$04: 0x7FFFFFD0
$05: 0x7FFE0001
$06: 0x7FFE0001
$07: 0x00000000
$08: 0x00000000
$09: 0x00000000
$10: 0x00000000
$11: 0x00000000
$12: 0x00000000
$13: 0x00000000
$14: 0x00000000
$15: 0x00000000
$16: 0x00000000
$17: 0x00000000
$18: 0x00000000
$19: 0x00000000
$20: 0x00000000
$21: 0x00000000
$22: 0x00000000
$23: 0x00000000
$24: 0x00000000
$25: 0x00000000
$26: 0x00000000
$27: 0x00000000
$28: 0x00000000
$29: 0x0000001E
$30: 0xFFFF0000
$31: 0x00000000
PC: 0x00000040
IF: 0x016B6020
ID: SLT
EX: XOR
DM: BNE
WB: NOP


cycle 45
$00: 0x00000000
$01: 0x00000005
$02: 0x00000005
$03: 0xFFFFFFCF
$04: 0x7FFFFFD0
$05: 0x7FFE0001
$06: 0x7FFE0001
$07: 0x00000000
$08: 0x00000000
$09: 0x00000000
$10: 0x00000000
$11: 0x00000000
$12: 0x00000000
$13: 0x00000000
$14: 0x00000000
$15: 0x00000000
$16: 0x00000000
$17: 0x00000000
$18: 0x00000000
$19: 0x00000000
$20: 0x00000000
$21: 0x00000000
$22: 0x00000000
$23: 0x00000000
$24: 0x00000000
$25: 0x00000000
$26: 0x00000000
$27: 0x00000000
$28: 0x00000000
$29: 0x0000001E
$30: 0xFFFF0000
$31: 0x00000000
PC: 0x00000044
IF: 0x000320C2
ID: ADD
EX: SLT
DM: XOR
WB: BNE


cycle 46
$00: 0x00000000
$01: 0x00000005
$02: 0x00000005
$03: 0xFFFFFFCF
$04: 0x7FFFFFD0
$05: 0x7FFE0001
$06: 0x7FFE0001
$07: 0x00000000
$08: 0x00000000
$09: 0x00000000
$10: 0x00000000
$11: 0x00000000
$12: 0x00000000
$13: 0x00000000
$14: 0x00000000
$15: 0x00000000
$16: 0x00000000
$17: 0x00000000
$18: 0x00000000
$19: 0x00000000
$20: 0x00000000
$21: 0x00000000
$22: 0x00000000
$23: 0x00000000
$24: 0x00000000
$25: 0x00000000
$26: 0x00000000
$27: 0x00000000
$28: 0x00000000
$29: 0x0000001E
$30: 0xFFFF0000
$31: 0x00000000
PC: 0x00000048
IF: 0x00032303
ID: SRL
EX: ADD fwd_EX-DM_rs_$11 fwd_EX-DM_rt_$11
DM: SLT
WB: XOR


cycle 47
$00: 0x00000000
$01: 0x00000005
$02: 0x00000005
$03: 0xFFFFFFCF
$04: 0x7FFFFFD0
$05: 0x7FFE0001
$06: 0x7FFE0001
$07: 0x00000000
$08: 0x00000000
$09: 0x00000000
$10: 0x00000000
$11: 0x00000000
$12: 0x00000000
$13: 0x00000000
$14: 0x00000000
$15: 0x00000000
$16: 0x00000000
$17: 0x00000000
$18: 0x00000000
$19: 0x00000000
$20: 0x00000000
$21: 0x00000000
$22: 0x00000000
$23: 0x00000000
$24: 0x00000000
$25: 0x00000000
$26: 0x00000000
$27: 0x00000000
$28: 0x00000000
$29: 0x0000001E
$30: 0xFFFF0000
$31: 0x00000000
PC: 0x0000004C
IF: 0x00042D03
ID: SRA
EX: SRL
DM: ADD
WB: SLT


cycle 48
$00: 0x00000000
$01: 0x00000005
$02: 0x00000005
$03: 0xFFFFFFCF
$04: 0x7FFFFFD0
$05: 0x7FFE0001
$06: 0x7FFE0001
$07: 0x00000000
$08: 0x00000000
$09: 0x00000000
$10: 0x00000000
$11: 0x00000000
$12: 0x00000000
$13: 0x00000000
$14: 0x00000000
$15: 0x00000000
$16: 0x00000000
$17: 0x00000000
$18: 0x00000000
$19: 0x00000000
$20: 0x00000000
$21: 0x00000000
$22: 0x00000000
$23: 0x00000000
$24: 0x00000000
$25: 0x00000000
$26: 0x00000000
$27: 0x00000000
$28: 0x00000000
$29: 0x0000001E
$30: 0xFFFF0000
$31: 0x00000000
PC: 0x00000050
IF: 0x00000082
ID: SRA
EX: SRA
DM: SRL
WB: ADD


cycle 49
$00: 0x00000000
$01: 0x00000005
$02: 0x00000005
$03: 0xFFFFFFCF
$04: 0x7FFFFFD0
$05: 0x7FFE0001
$06: 0x7FFE0001
$07: 0x00000000
$08: 0x00000000
$09: 0x00000000
$10: 0x00000000
$11: 0x00000000
$12: 0x00000000
$13: 0x00000000
$14: 0x00000000
$15: 0x00000000
$16: 0x00000000
$17: 0x00000000
$18: 0x00000000
$19: 0x00000000
$20: 0x00000000
$21: 0x00000000
$22: 0x00000000
$23: 0x00000000
$24: 0x00000000
$25: 0x00000000
$26: 0x00000000
$27: 0x00000000
$28: 0x00000000
$29: 0x0000001E
$30: 0xFFFF0000
$31: 0x00000000
PC: 0x00000054
IF: 0x00000040
ID: SRL
EX: SRA fwd_EX-DM_rt_$4
DM: SRA
WB: SRL


cycle 50
$00: 0x00000000
$01: 0x00000005
$02: 0x00000005
$03: 0xFFFFFFCF
$04: 0x1FFFFFF9
$05: 0x7FFE0001
$06: 0x7FFE0001
$07: 0x00000000
$08: 0x00000000
$09: 0x00000000
$10: 0x00000000
$11: 0x00000000
$12: 0x00000000
$13: 0x00000000
$14: 0x00000000
$15: 0x00000000
$16: 0x00000000
$17: 0x00000000
$18: 0x00000000
$19: 0x00000000
$20: 0x00000000
$21: 0x00000000
$22: 0x00000000
$23: 0x00000000
$24: 0x00000000
$25: 0x00000000
$26: 0x00000000
$27: 0x00000000
$28: 0x00000000
$29: 0x0000001E
$30: 0xFFFF0000
$31: 0x00000000
PC: 0x00000058
IF: 0x00000820
ID: SLL
EX: SRL
DM: SRA
WB: SRA


cycle 51
$00: 0x00000000
$01: 0x00000005
$02: 0x00000005
$03: 0xFFFFFFCF
$04: 0xFFFFFFFF
$05: 0x7FFE0001
$06: 0x7FFE0001
$07: 0x00000000
$08: 0x00000000
$09: 0x00000000
$10: 0x00000000
$11: 0x00000000
$12: 0x00000000
$13: 0x00000000
$14: 0x00000000
$15: 0x00000000
$16: 0x00000000
$17: 0x00000000
$18: 0x00000000
$19: 0x00000000
$20: 0x00000000
$21: 0x00000000
$22: 0x00000000
$23: 0x00000000
$24: 0x00000000
$25: 0x00000000
$26: 0x00000000
$27: 0x00000000
$28: 0x00000000
$29: 0x0000001E
$30: 0xFFFF0000
$31: 0x00000000
PC: 0x0000005C
IF: 0x08000019
ID: ADD
EX: SLL
DM: SRL
WB: SRA


cycle 52
$00: 0x00000000
$01: 0x00000005
$02: 0x00000005
$03: 0xFFFFFFCF
$04: 0xFFFFFFFF
$05: 0xFFFFFFFF
$06: 0x7FFE0001
$07: 0x00000000
$08: 0x00000000
$09: 0x00000000
$10: 0x00000000
$11: 0x00000000
$12: 0x00000000
$13: 0x00000000
$14: 0x00000000
$15: 0x00000000
$16: 0x00000000
$17: 0x00000000
$18: 0x00000000
$19: 0x00000000
$20: 0x00000000
$21: 0x00000000
$22: 0x00000000
$23: 0x00000000
$24: 0x00000000
$25: 0x00000000
$26: 0x00000000
$27: 0x00000000
$28: 0x00000000
$29: 0x0000001E
$30: 0xFFFF0000
$31: 0x00000000
PC: 0x00000060
IF: 0x03E00008 to_be_flushed
ID: J
EX: ADD
DM: SLL
WB: SRL


cycle 53
$00: 0x00000000
$01: 0x00000005
$02: 0x00000005
$03: 0xFFFFFFCF
$04: 0xFFFFFFFF
$05: 0xFFFFFFFF
$06: 0x7FFE0001
$07: 0x00000000
$08: 0x00000000
$09: 0x00000000
$10: 0x00000000
$11: 0x00000000
$12: 0x00000000
$13: 0x00000000
$14: 0x00000000
$15: 0x00000000
$16: 0x00000000
$17: 0x00000000
$18: 0x00000000
$19: 0x00000000
$20: 0x00000000
$21: 0x00000000
$22: 0x00000000
$23: 0x00000000
$24: 0x00000000
$25: 0x00000000
$26: 0x00000000
$27: 0x00000000
$28: 0x00000000
$29: 0x0000001E
$30: 0xFFFF0000
$31: 0x00000000
PC: 0x00000064
IF: 0x0C000018
ID: NOP
EX: J
DM: ADD
WB: SLL


cycle 54
$00: 0x00000000
$01: 0x00000005
$02: 0x00000005
$03: 0xFFFFFFCF
$04: 0xFFFFFFFF
$05: 0xFFFFFFFF
$06: 0x7FFE0001
$07: 0x00000000
$08: 0x00000000
$09: 0x00000000
$10: 0x00000000
$11: 0x00000000
$12: 0x00000000
$13: 0x00000000
$14: 0x00000000
$15: 0x00000000
$16: 0x00000000
$17: 0x00000000
$18: 0x00000000
$19: 0x00000000
$20: 0x00000000
$21: 0x00000000
$22: 0x00000000
$23: 0x00000000
$24: 0x00000000
$25: 0x00000000
$26: 0x00000000
$27: 0x00000000
$28: 0x00000000
$29: 0x0000001E
$30: 0xFFFF0000
$31: 0x00000000
PC: 0x00000068
IF: 0x0C000030 to_be_flushed
ID: JAL
EX: NOP
DM: J
WB: ADD


cycle 55
$00: 0x00000000
$01: 0x00000000
$02: 0x00000005
$03: 0xFFFFFFCF
$04: 0xFFFFFFFF
$05: 0xFFFFFFFF
$06: 0x7FFE0001
$07: 0x00000000
$08: 0x00000000
$09: 0x00000000
$10: 0x00000000
$11: 0x00000000
$12: 0x00000000
$13: 0x00000000
$14: 0x00000000
$15: 0x00000000
$16: 0x00000000
$17: 0x00000000
$18: 0x00000000
$19: 0x00000000
$20: 0x00000000
$21: 0x00000000
$22: 0x00000000
$23: 0x00000000
$24: 0x00000000
$25: 0x00000000
$26: 0x00000000
$27: 0x00000000
$28: 0x00000000
$29: 0x0000001E
$30: 0xFFFF0000
$31: 0x00000000
PC: 0x00000060
IF: 0x03E00008
ID: NOP
EX: JAL
DM: NOP
WB: J


cycle 56
$00: 0x00000000
$01: 0x00000000
$02: 0x00000005
$03: 0xFFFFFFCF
$04: 0xFFFFFFFF
$05: 0xFFFFFFFF
$06: 0x7FFE0001
$07: 0x00000000
$08: 0x00000000
$09: 0x00000000
$10: 0x00000000
$11: 0x00000000
$12: 0x00000000
$13: 0x00000000
$14: 0x00000000
$15: 0x00000000
$16: 0x00000000
$17: 0x00000000
$18: 0x00000000
$19: 0x00000000
$20: 0x00000000
$21: 0x00000000
$22: 0x00000000
$23: 0x00000000
$24: 0x00000000
$25: 0x00000000
$26: 0x00000000
$27: 0x00000000
$28: 0x00000000
$29: 0x0000001E
$30: 0xFFFF0000
$31: 0x00000000
PC: 0x00000064
IF: 0x0C000018 to_be_flushed
ID: JR fwd_EX-DM_rs_$31
EX: NOP
DM: JAL
WB: NOP


cycle 57
$00: 0x00000000
$01: 0x00000000
$02: 0x00000005
$03: 0xFFFFFFCF
$04: 0xFFFFFFFF
$05: 0xFFFFFFFF
$06: 0x7FFE0001
$07: 0x00000000
$08: 0x00000000
$09: 0x00000000
$10: 0x00000000
$11: 0x00000000
$12: 0x00000000
$13: 0x00000000
$14: 0x00000000
$15: 0x00000000
$16: 0x00000000
$17: 0x00000000
$18: 0x00000000
$19: 0x00000000
$20: 0x00000000
$21: 0x00000000
$22: 0x00000000
$23: 0x00000000
$24: 0x00000000
$25: 0x00000000
$26: 0x00000000
$27: 0x00000000
$28: 0x00000000
$29: 0x0000001E
$30: 0xFFFF0000
$31: 0x00000000
PC: 0x00000068
IF: 0x0C000030
ID: NOP
EX: JR
DM: NOP
WB: JAL


cycle 58
$00: 0x00000000
$01: 0x00000000
$02: 0x00000005
$03: 0xFFFFFFCF
$04: 0xFFFFFFFF
$05: 0xFFFFFFFF
$06: 0x7FFE0001
$07: 0x00000000
$08: 0x00000000
$09: 0x00000000
$10: 0x00000000
$11: 0x00000000
$12: 0x00000000
$13: 0x00000000
$14: 0x00000000
$15: 0x00000000
$16: 0x00000000
$17: 0x00000000
$18: 0x00000000
$19: 0x00000000
$20: 0x00000000
$21: 0x00000000
$22: 0x00000000
$23: 0x00000000
$24: 0x00000000
$25: 0x00000000
$26: 0x00000000
$27: 0x00000000
$28: 0x00000000
$29: 0x0000001E
$30: 0xFFFF0000
$31: 0x00000068
PC: 0x0000006C
IF: 0x00000000 to_be_flushed
ID: JAL
EX: NOP
DM: JR
WB: NOP


cycle 59
$00: 0x00000000
$01: 0x00000000
$02: 0x00000005
$03: 0xFFFFFFCF
$04: 0xFFFFFFFF
$05: 0xFFFFFFFF
$06: 0x7FFE0001
$07: 0x00000000
$08: 0x00000000
$09: 0x00000000
$10: 0x00000000
$11: 0x00000000
$12: 0x00000000
$13: 0x00000000
$14: 0x00000000
$15: 0x00000000
$16: 0x00000000
$17: 0x00000000
$18: 0x00000000
$19: 0x00000000
$20: 0x00000000
$21: 0x00000000
$22: 0x00000000
$23: 0x00000000
$24: 0x00000000
$25: 0x00000000
$26: 0x00000000
$27: 0x00000000
$28: 0x00000000
$29: 0x0000001E
$30: 0xFFFF0000
$31: 0x00000068
PC: 0x000000C0
IF: 0x00000000
ID: NOP
EX: JAL
DM: NOP
WB: JR


cycle 60
$00: 0x00000000
$01: 0x00000000
$02: 0x00000005
$03: 0xFFFFFFCF
$04: 0xFFFFFFFF
$05: 0xFFFFFFFF
$06: 0x7FFE0001
$07: 0x00000000
$08: 0x00000000
$09: 0x00000000
$10: 0x00000000
$11: 0x00000000
$12: 0x00000000
$13: 0x00000000
$14: 0x00000000
$15: 0x00000000
$16: 0x00000000
$17: 0x00000000
$18: 0x00000000
$19: 0x00000000
$20: 0x00000000
$21: 0x00000000
$22: 0x00000000
$23: 0x00000000
$24: 0x00000000
$25: 0x00000000
$26: 0x00000000
$27: 0x00000000
$28: 0x00000000
$29: 0x0000001E
$30: 0xFFFF0000
$31: 0x00000068
PC: 0x000000C4
IF: 0x03E00008
ID: NOP
EX: NOP
DM: JAL
WB: NOP


cycle 61
$00: 0x00000000
$01: 0x00000000
$02: 0x00000005
$03: 0xFFFFFFCF
$04: 0xFFFFFFFF
$05: 0xFFFFFFFF
$06: 0x7FFE0001
$07: 0x00000000
$08: 0x00000000
$09: 0x00000000
$10: 0x00000000
$11: 0x00000000
$12: 0x00000000
$13: 0x00000000
$14: 0x00000000
$15: 0x00000000
$16: 0x00000000
$17: 0x00000000
$18: 0x00000000
$19: 0x00000000
$20: 0x00000000
$21: 0x00000000
$22: 0x00000000
$23: 0x00000000
$24: 0x00000000
$25: 0x00000000
$26: 0x00000000
$27: 0x00000000
$28: 0x00000000
$29: 0x0000001E
$30: 0xFFFF0000
$31: 0x00000068
PC: 0x000000C8
IF: 0x00000000 to_be_flushed
ID: JR
EX: NOP
DM: NOP
WB: JAL


cycle 62
$00: 0x00000000
$01: 0x00000000
$02: 0x00000005
$03: 0xFFFFFFCF
$04: 0xFFFFFFFF
$05: 0xFFFFFFFF
$06: 0x7FFE0001
$07: 0x00000000
$08: 0x00000000
$09: 0x00000000
$10: 0x00000000
$11: 0x00000000
$12: 0x00000000
$13: 0x00000000
$14: 0x00000000
$15: 0x00000000
$16: 0x00000000
$17: 0x00000000
$18: 0x00000000
$19: 0x00000000
$20: 0x00000000
$21: 0x00000000
$22: 0x00000000
$23: 0x00000000
$24: 0x00000000
$25: 0x00000000
$26: 0x00000000
$27: 0x00000000
$28: 0x00000000
$29: 0x0000001E
$30: 0xFFFF0000
$31: 0x0000006C
PC: 0x0000006C
IF: 0x00000000
ID: NOP
EX: JR
DM: NOP
WB: NOP


cycle 63
$00: 0x00000000
$01: 0x00000000
$02: 0x00000005
$03: 0xFFFFFFCF
$04: 0xFFFFFFFF
$05: 0xFFFFFFFF
$06: 0x7FFE0001
$07: 0x00000000
$08: 0x00000000
$09: 0x00000000
$10: 0x00000000
$11: 0x00000000
$12: 0x00000000
$13: 0x00000000
$14: 0x00000000
$15: 0x00000000
$16: 0x00000000
$17: 0x00000000
$18: 0x00000000
$19: 0x00000000
$20: 0x00000000
$21: 0x00000000
$22: 0x00000000
$23: 0x00000000
$24: 0x00000000
$25: 0x00000000
$26: 0x00000000
$27: 0x00000000
$28: 0x00000000
$29: 0x0000001E
$30: 0xFFFF0000
$31: 0x0000006C
PC: 0x00000070
IF: 0x20010016
ID: NOP
EX: NOP
DM: JR
WB: NOP


cycle 64
$00: 0x00000000
$01: 0x00000000
$02: 0x00000005
$03: 0xFFFFFFCF
$04: 0xFFFFFFFF
$05: 0xFFFFFFFF
$06: 0x7FFE0001
$07: 0x00000000
$08: 0x00000000
$09: 0x00000000
$10: 0x00000000
$11: 0x00000000
$12: 0x00000000
$13: 0x00000000
$14: 0x00000000
$15: 0x00000000
$16: 0x00000000
$17: 0x00000000
$18: 0x00000000
$19: 0x00000000
$20: 0x00000000
$21: 0x00000000
$22: 0x00000000
$23: 0x00000000
$24: 0x00000000
$25: 0x00000000
$26: 0x00000000
$27: 0x00000000
$28: 0x00000000
$29: 0x0000001E
$30: 0xFFFF0000
$31: 0x0000006C
PC: 0x00000074
IF: 0xA4250000
ID: ADDI
EX: NOP
DM: NOP
WB: JR


cycle 65
$00: 0x00000000
$01: 0x00000000
$02: 0x00000005
$03: 0xFFFFFFCF
$04: 0xFFFFFFFF
$05: 0xFFFFFFFF
$06: 0x7FFE0001
$07: 0x00000000
$08: 0x00000000
$09: 0x00000000
$10: 0x00000000
$11: 0x00000000
$12: 0x00000000
$13: 0x00000000
$14: 0x00000000
$15: 0x00000000
$16: 0x00000000
$17: 0x00000000
$18: 0x00000000
$19: 0x00000000
$20: 0x00000000
$21: 0x00000000
$22: 0x00000000
$23: 0x00000000
$24: 0x00000000
$25: 0x00000000
$26: 0x00000000
$27: 0x00000000
$28: 0x00000000
$29: 0x0000001E
$30: 0xFFFF0000
$31: 0x0000006C
PC: 0x00000078
IF: 0x00A5A020
ID: SH
EX: ADDI
DM: NOP
WB: NOP


cycle 66
$00: 0x00000000
$01: 0x00000000
$02: 0x00000005
$03: 0xFFFFFFCF
$04: 0xFFFFFFFF
$05: 0xFFFFFFFF
$06: 0x7FFE0001
$07: 0x00000000
$08: 0x00000000
$09: 0x00000000
$10: 0x00000000
$11: 0x00000000
$12: 0x00000000
$13: 0x00000000
$14: 0x00000000
$15: 0x00000000
$16: 0x00000000
$17: 0x00000000
$18: 0x00000000
$19: 0x00000000
$20: 0x00000000
$21: 0x00000000
$22: 0x00000000
$23: 0x00000000
$24: 0x00000000
$25: 0x00000000
$26: 0x00000000
$27: 0x00000000
$28: 0x00000000
$29: 0x0000001E
$30: 0xFFFF0000
$31: 0x0000006C
PC: 0x0000007C
IF: 0x2015FFFF
ID: ADD
EX: SH fwd_EX-DM_rs_$1
DM: ADDI
WB: NOP


cycle 67
$00: 0x00000000
$01: 0x00000000
$02: 0x00000005
$03: 0xFFFFFFCF
$04: 0xFFFFFFFF
$05: 0xFFFFFFFF
$06: 0x7FFE0001
$07: 0x00000000
$08: 0x00000000
$09: 0x00000000
$10: 0x00000000
$11: 0x00000000
$12: 0x00000000
$13: 0x00000000
$14: 0x00000000
$15: 0x00000000
$16: 0x00000000
$17: 0x00000000
$18: 0x00000000
$19: 0x00000000
$20: 0x00000000
$21: 0x00000000
$22: 0x00000000
$23: 0x00000000
$24: 0x00000000
$25: 0x00000000
$26: 0x00000000
$27: 0x00000000
$28: 0x00000000
$29: 0x0000001E
$30: 0xFFFF0000
$31: 0x0000006C
PC: 0x00000080
IF: 0x02B5B020
ID: ADDI
EX: ADD
DM: SH
WB: ADDI


cycle 68
$00: 0x00000000
$01: 0x00000016
$02: 0x00000005
$03: 0xFFFFFFCF
$04: 0xFFFFFFFF
$05: 0xFFFFFFFF
$06: 0x7FFE0001
$07: 0x00000000
$08: 0x00000000
$09: 0x00000000
$10: 0x00000000
$11: 0x00000000
$12: 0x00000000
$13: 0x00000000
$14: 0x00000000
$15: 0x00000000
$16: 0x00000000
$17: 0x00000000
$18: 0x00000000
$19: 0x00000000
$20: 0x00000000
$21: 0x00000000
$22: 0x00000000
$23: 0x00000000
$24: 0x00000000
$25: 0x00000000
$26: 0x00000000
$27: 0x00000000
$28: 0x00000000
$29: 0x0000001E
$30: 0xFFFF0000
$31: 0x0000006C
PC: 0x00000084
IF: 0x02B5B820
ID: ADD
EX: ADDI
DM: ADD
WB: SH


cycle 69
$00: 0x00000000
$01: 0x00000016
$02: 0x00000005
$03: 0xFFFFFFCF
$04: 0xFFFFFFFF
$05: 0xFFFFFFFF
$06: 0x7FFE0001
$07: 0x00000000
$08: 0x00000000
$09: 0x00000000
$10: 0x00000000
$11: 0x00000000
$12: 0x00000000
$13: 0x00000000
$14: 0x00000000
$15: 0x00000000
$16: 0x00000000
$17: 0x00000000
$18: 0x00000000
$19: 0x00000000
$20: 0x00000000
$21: 0x00000000
$22: 0x00000000
$23: 0x00000000
$24: 0x00000000
$25: 0x00000000
$26: 0x00000000
$27: 0x00000000
$28: 0x00000000
$29: 0x0000001E
$30: 0xFFFF0000
$31: 0x0000006C
PC: 0x00000088
IF: 0xAC000014 to_be_stalled
ID: ADD to_be_stalled
EX: ADD fwd_EX-DM_rs_$21 fwd_EX-DM_rt_$21
DM: ADDI
WB: ADD


cycle 70
$00: 0x00000000
$01: 0x00000016
$02: 0x00000005
$03: 0xFFFFFFCF
$04: 0xFFFFFFFF
$05: 0xFFFFFFFF
$06: 0x7FFE0001
$07: 0x00000000
$08: 0x00000000
$09: 0x00000000
$10: 0x00000000
$11: 0x00000000
$12: 0x00000000
$13: 0x00000000
$14: 0x00000000
$15: 0x00000000
$16: 0x00000000
$17: 0x00000000
$18: 0x00000000
$19: 0x00000000
$20: 0xFFFFFFFE
$21: 0x00000000
$22: 0x00000000
$23: 0x00000000
$24: 0x00000000
$25: 0x00000000
$26: 0x00000000
$27: 0x00000000
$28: 0x00000000
$29: 0x0000001E
$30: 0xFFFF0000
$31: 0x0000006C
PC: 0x00000088
IF: 0xAC000014
ID: ADD
EX: NOP
DM: ADD
WB: ADDI


cycle 71
$00: 0x00000000
$01: 0x00000016
$02: 0x00000005
$03: 0xFFFFFFCF
$04: 0xFFFFFFFF
$05: 0xFFFFFFFF
$06: 0x7FFE0001
$07: 0x00000000
$08: 0x00000000
$09: 0x00000000
$10: 0x00000000
$11: 0x00000000
$12: 0x00000000
$13: 0x00000000
$14: 0x00000000
$15: 0x00000000
$16: 0x00000000
$17: 0x00000000
$18: 0x00000000
$19: 0x00000000
$20: 0xFFFFFFFE
$21: 0xFFFFFFFF
$22: 0x00000000
$23: 0x00000000
$24: 0x00000000
$25: 0x00000000
$26: 0x00000000
$27: 0x00000000
$28: 0x00000000
$29: 0x0000001E
$30: 0xFFFF0000
$31: 0x0000006C
PC: 0x0000008C
IF: 0x20020003
ID: SW
EX: ADD
DM: NOP
WB: ADD


cycle 72
$00: 0x00000000
$01: 0x00000016
$02: 0x00000005
$03: 0xFFFFFFCF
$04: 0xFFFFFFFF
$05: 0xFFFFFFFF
$06: 0x7FFE0001
$07: 0x00000000
$08: 0x00000000
$09: 0x00000000
$10: 0x00000000
$11: 0x00000000
$12: 0x00000000
$13: 0x00000000
$14: 0x00000000
$15: 0x00000000
$16: 0x00000000
$17: 0x00000000
$18: 0x00000000
$19: 0x00000000
$20: 0xFFFFFFFE
$21: 0xFFFFFFFF
$22: 0xFFFFFFFE
$23: 0x00000000
$24: 0x00000000
$25: 0x00000000
$26: 0x00000000
$27: 0x00000000
$28: 0x00000000
$29: 0x0000001E
$30: 0xFFFF0000
$31: 0x0000006C
PC: 0x00000090
IF: 0xAC020000
ID: ADDI
EX: SW
DM: ADD
WB: NOP


cycle 73
$00: 0x00000000
$01: 0x00000016
$02: 0x00000005
$03: 0xFFFFFFCF
$04: 0xFFFFFFFF
$05: 0xFFFFFFFF
$06: 0x7FFE0001
$07: 0x00000000
$08: 0x00000000
$09: 0x00000000
$10: 0x00000000
$11: 0x00000000
$12: 0x00000000
$13: 0x00000000
$14: 0x00000000
$15: 0x00000000
$16: 0x00000000
$17: 0x00000000
$18: 0x00000000
$19: 0x00000000
$20: 0xFFFFFFFE
$21: 0xFFFFFFFF
$22: 0xFFFFFFFE
$23: 0x00000000
$24: 0x00000000
$25: 0x00000000
$26: 0x00000000
$27: 0x00000000
$28: 0x00000000
$29: 0x0000001E
$30: 0xFFFF0000
$31: 0x0000006C
PC: 0x00000094
IF: 0x84430003
ID: SW
EX: ADDI
DM: SW
WB: ADD


cycle 74
$00: 0x00000000
$01: 0x00000016
$02: 0x00000005
$03: 0xFFFFFFCF
$04: 0xFFFFFFFF
$05: 0xFFFFFFFF
$06: 0x7FFE0001
$07: 0x00000000
$08: 0x00000000
$09: 0x00000000
$10: 0x00000000
$11: 0x00000000
$12: 0x00000000
$13: 0x00000000
$14: 0x00000000
$15: 0x00000000
$16: 0x00000000
$17: 0x00000000
$18: 0x00000000
$19: 0x00000000
$20: 0xFFFFFFFE
$21: 0xFFFFFFFF
$22: 0xFFFFFFFE
$23: 0xFFFFFFFE
$24: 0x00000000
$25: 0x00000000
$26: 0x00000000
$27: 0x00000000
$28: 0x00000000
$29: 0x0000001E
$30: 0xFFFF0000
$31: 0x0000006C
PC: 0x00000098
IF: 0xAC030000 to_be_stalled
ID: LH to_be_stalled
EX: SW fwd_EX-DM_rt_$2
DM: ADDI
WB: SW


cycle 75
$00: 0x00000000
$01: 0x00000016
$02: 0x00000005
$03: 0xFFFFFFCF
$04: 0xFFFFFFFF
$05: 0xFFFFFFFF
$06: 0x7FFE0001
$07: 0x00000000
$08: 0x00000000
$09: 0x00000000
$10: 0x00000000
$11: 0x00000000
$12: 0x00000000
$13: 0x00000000
$14: 0x00000000
$15: 0x00000000
$16: 0x00000000
$17: 0x00000000
$18: 0x00000000
$19: 0x00000000
$20: 0xFFFFFFFE
$21: 0xFFFFFFFF
$22: 0xFFFFFFFE
$23: 0xFFFFFFFE
$24: 0x00000000
$25: 0x00000000
$26: 0x00000000
$27: 0x00000000
$28: 0x00000000
$29: 0x0000001E
$30: 0xFFFF0000
$31: 0x0000006C
PC: 0x00000098
IF: 0xAC030000
ID: LH
EX: NOP
DM: SW
WB: ADDI


cycle 76
$00: 0x00000000
$01: 0x00000016
$02: 0x00000003
$03: 0xFFFFFFCF
$04: 0xFFFFFFFF
$05: 0xFFFFFFFF
$06: 0x7FFE0001
$07: 0x00000000
$08: 0x00000000
$09: 0x00000000
$10: 0x00000000
$11: 0x00000000
$12: 0x00000000
$13: 0x00000000
$14: 0x00000000
$15: 0x00000000
$16: 0x00000000
$17: 0x00000000
$18: 0x00000000
$19: 0x00000000
$20: 0xFFFFFFFE
$21: 0xFFFFFFFF
$22: 0xFFFFFFFE
$23: 0xFFFFFFFE
$24: 0x00000000
$25: 0x00000000
$26: 0x00000000
$27: 0x00000000
$28: 0x00000000
$29: 0x0000001E
$30: 0xFFFF0000
$31: 0x0000006C
PC: 0x0000009C
IF: 0x8C050014 to_be_stalled
ID: SW to_be_stalled
EX: LH
DM: NOP
WB: SW


cycle 77
$00: 0x00000000
$01: 0x00000016
$02: 0x00000003
$03: 0xFFFFFFCF
$04: 0xFFFFFFFF
$05: 0xFFFFFFFF
$06: 0x7FFE0001
$07: 0x00000000
$08: 0x00000000
$09: 0x00000000
$10: 0x00000000
$11: 0x00000000
$12: 0x00000000
$13: 0x00000000
$14: 0x00000000
$15: 0x00000000
$16: 0x00000000
$17: 0x00000000
$18: 0x00000000
$19: 0x00000000
$20: 0xFFFFFFFE
$21: 0xFFFFFFFF
$22: 0xFFFFFFFE
$23: 0xFFFFFFFE
$24: 0x00000000
$25: 0x00000000
$26: 0x00000000
$27: 0x00000000
$28: 0x00000000
$29: 0x0000001E
$30: 0xFFFF0000
$31: 0x0000006C
PC: 0x0000009C
IF: 0x8C050014 to_be_stalled
ID: SW to_be_stalled
EX: NOP
DM: LH
WB: NOP


cycle 78
$00: 0x00000000
$01: 0x00000016
$02: 0x00000003
$03: 0xFFFFFFCF
$04: 0xFFFFFFFF
$05: 0xFFFFFFFF
$06: 0x7FFE0001
$07: 0x00000000
$08: 0x00000000
$09: 0x00000000
$10: 0x00000000
$11: 0x00000000
$12: 0x00000000
$13: 0x00000000
$14: 0x00000000
$15: 0x00000000
$16: 0x00000000
$17: 0x00000000
$18: 0x00000000
$19: 0x00000000
$20: 0xFFFFFFFE
$21: 0xFFFFFFFF
$22: 0xFFFFFFFE
$23: 0xFFFFFFFE
$24: 0x00000000
$25: 0x00000000
$26: 0x00000000
$27: 0x00000000
$28: 0x00000000
$29: 0x0000001E
$30: 0xFFFF0000
$31: 0x0000006C
PC: 0x0000009C
IF: 0x8C050014
ID: SW
EX: NOP
DM: NOP
WB: LH


cycle 79
$00: 0x00000000
$01: 0x00000016
$02: 0x00000003
$03: 0xFFFFFFFF
$04: 0xFFFFFFFF
$05: 0xFFFFFFFF
$06: 0x7FFE0001
$07: 0x00000000
$08: 0x00000000
$09: 0x00000000
$10: 0x00000000
$11: 0x00000000
$12: 0x00000000
$13: 0x00000000
$14: 0x00000000
$15: 0x00000000
$16: 0x00000000
$17: 0x00000000
$18: 0x00000000
$19: 0x00000000
$20: 0xFFFFFFFE
$21: 0xFFFFFFFF
$22: 0xFFFFFFFE
$23: 0xFFFFFFFE
$24: 0x00000000
$25: 0x00000000
$26: 0x00000000
$27: 0x00000000
$28: 0x00000000
$29: 0x0000001E
$30: 0xFFFF0000
$31: 0x0000006C
PC: 0x000000A0
IF: 0xACA00000
ID: LW
EX: SW
DM: NOP
WB: NOP


cycle 80
$00: 0x00000000
$01: 0x00000016
$02: 0x00000003
$03: 0xFFFFFFFF
$04: 0xFFFFFFFF
$05: 0xFFFFFFFF
$06: 0x7FFE0001
$07: 0x00000000
$08: 0x00000000
$09: 0x00000000
$10: 0x00000000
$11: 0x00000000
$12: 0x00000000
$13: 0x00000000
$14: 0x00000000
$15: 0x00000000
$16: 0x00000000
$17: 0x00000000
$18: 0x00000000
$19: 0x00000000
$20: 0xFFFFFFFE
$21: 0xFFFFFFFF
$22: 0xFFFFFFFE
$23: 0xFFFFFFFE
$24: 0x00000000
$25: 0x00000000
$26: 0x00000000
$27: 0x00000000
$28: 0x00000000
$29: 0x0000001E
$30: 0xFFFF0000
$31: 0x0000006C
PC: 0x000000A4
IF: 0x20A5FFFF to_be_stalled
ID: SW to_be_stalled
EX: LW
DM: SW
WB: NOP


cycle 81
$00: 0x00000000
$01: 0x00000016
$02: 0x00000003
$03: 0xFFFFFFFF
$04: 0xFFFFFFFF
$05: 0xFFFFFFFF
$06: 0x7FFE0001
$07: 0x00000000
$08: 0x00000000
$09: 0x00000000
$10: 0x00000000
$11: 0x00000000
$12: 0x00000000
$13: 0x00000000
$14: 0x00000000
$15: 0x00000000
$16: 0x00000000
$17: 0x00000000
$18: 0x00000000
$19: 0x00000000
$20: 0xFFFFFFFE
$21: 0xFFFFFFFF
$22: 0xFFFFFFFE
$23: 0xFFFFFFFE
$24: 0x00000000
$25: 0x00000000
$26: 0x00000000
$27: 0x00000000
$28: 0x00000000
$29: 0x0000001E
$30: 0xFFFF0000
$31: 0x0000006C
PC: 0x000000A4
IF: 0x20A5FFFF to_be_stalled
ID: SW to_be_stalled
EX: NOP
DM: LW
WB: SW


cycle 82
$00: 0x00000000
$01: 0x00000016
$02: 0x00000003
$03: 0xFFFFFFFF
$04: 0xFFFFFFFF
$05: 0xFFFFFFFF
$06: 0x7FFE0001
$07: 0x00000000
$08: 0x00000000
$09: 0x00000000
$10: 0x00000000
$11: 0x00000000
$12: 0x00000000
$13: 0x00000000
$14: 0x00000000
$15: 0x00000000
$16: 0x00000000
$17: 0x00000000
$18: 0x00000000
$19: 0x00000000
$20: 0xFFFFFFFE
$21: 0xFFFFFFFF
$22: 0xFFFFFFFE
$23: 0xFFFFFFFE
$24: 0x00000000
$25: 0x00000000
$26: 0x00000000
$27: 0x00000000
$28: 0x00000000
$29: 0x0000001E
$30: 0xFFFF0000
$31: 0x0000006C
PC: 0x000000A4
IF: 0x20A5FFFF
ID: SW
EX: NOP
DM: NOP
WB: LW


cycle 83
$00: 0x00000000
$01: 0x00000016
$02: 0x00000003
$03: 0xFFFFFFFF
$04: 0xFFFFFFFF
$05: 0x00000000
$06: 0x7FFE0001
$07: 0x00000000
$08: 0x00000000
$09: 0x00000000
$10: 0x00000000
$11: 0x00000000
$12: 0x00000000
$13: 0x00000000
$14: 0x00000000
$15: 0x00000000
$16: 0x00000000
$17: 0x00000000
$18: 0x00000000
$19: 0x00000000
$20: 0xFFFFFFFE
$21: 0xFFFFFFFF
$22: 0xFFFFFFFE
$23: 0xFFFFFFFE
$24: 0x00000000
$25: 0x00000000
$26: 0x00000000
$27: 0x00000000
$28: 0x00000000
$29: 0x0000001E
$30: 0xFFFF0000
$31: 0x0000006C
PC: 0x000000A8
IF: 0xACA00000
ID: ADDI
EX: SW
DM: NOP
WB: NOP


cycle 84
$00: 0x00000000
$01: 0x00000016
$02: 0x00000003
$03: 0xFFFFFFFF
$04: 0xFFFFFFFF
$05: 0x00000000
$06: 0x7FFE0001
$07: 0x00000000
$08: 0x00000000
$09: 0x00000000
$10: 0x00000000
$11: 0x00000000
$12: 0x00000000
$13: 0x00000000
$14: 0x00000000
$15: 0x00000000
$16: 0x00000000
$17: 0x00000000
$18: 0x00000000
$19: 0x00000000
$20: 0xFFFFFFFE
$21: 0xFFFFFFFF
$22: 0xFFFFFFFE
$23: 0xFFFFFFFE
$24: 0x00000000
$25: 0x00000000
$26: 0x00000000
$27: 0x00000000
$28: 0x00000000
$29: 0x0000001E
$30: 0xFFFF0000
$31: 0x0000006C
PC: 0x000000AC
IF: 0xFFFFFFFF
ID: SW
EX: ADDI
DM: SW
WB: NOP


cycle 85
$00: 0x00000000
$01: 0x00000016
$02: 0x00000003
$03: 0xFFFFFFFF
$04: 0xFFFFFFFF
$05: 0x00000000
$06: 0x7FFE0001
$07: 0x00000000
$08: 0x00000000
$09: 0x00000000
$10: 0x00000000
$11: 0x00000000
$12: 0x00000000
$13: 0x00000000
$14: 0x00000000
$15: 0x00000000
$16: 0x00000000
$17: 0x00000000
$18: 0x00000000
$19: 0x00000000
$20: 0xFFFFFFFE
$21: 0xFFFFFFFF
$22: 0xFFFFFFFE
$23: 0xFFFFFFFE
$24: 0x00000000
$25: 0x00000000
$26: 0x00000000
$27: 0x00000000
$28: 0x00000000
$29: 0x0000001E
$30: 0xFFFF0000
$31: 0x0000006C
PC: 0x000000B0
IF: 0xFFFFFFFF
ID: HALT
EX: SW fwd_EX-DM_rs_$5
DM: ADDI
WB: SW


cycle 86
$00: 0x00000000
$01: 0x00000016
$02: 0x00000003
$03: 0xFFFFFFFF
$04: 0xFFFFFFFF
$05: 0x00000000
$06: 0x7FFE0001
$07: 0x00000000
$08: 0x00000000
$09: 0x00000000
$10: 0x00000000
$11: 0x00000000
$12: 0x00000000
$13: 0x00000000
$14: 0x00000000
$15: 0x00000000
$16: 0x00000000
$17: 0x00000000
$18: 0x00000000
$19: 0x00000000
$20: 0xFFFFFFFE
$21: 0xFFFFFFFF
$22: 0xFFFFFFFE
$23: 0xFFFFFFFE
$24: 0x00000000
$25: 0x00000000
$26: 0x00000000
$27: 0x00000000
$28: 0x00000000
$29: 0x0000001E
$30: 0xFFFF0000
$31: 0x0000006C
PC: 0x000000B4
IF: 0xFFFFFFFF
ID: HALT
EX: HALT
DM: SW
WB: ADDI


