judge result of: 103062331_01
snapshot.rpt:	 PASS!!!
error_dump.rpt:	 PASS!!!


judge result of: 103062334_01
snapshot.rpt:	 PASS!!!
error_dump.rpt:	 PASS!!!


judge result of: 101080021_01
snapshot.rpt:	 PASS!!!
error_dump.rpt:	 PASS!!!


judge result of: 101062201_01
snapshot.rpt:	 PASS!!!
error_dump.rpt:	 PASS!!!


judge result of: 102060014_01
snapshot.rpt:	 PASS!!!
error_dump.rpt:	 PASS!!!


judge result of: 101080011_01
snapshot.rpt:	 PASS!!!
error_dump.rpt:	 PASS!!!


judge result of: 102062101_01
snapshot.rpt:	 PASS!!!
error_dump.rpt:	 PASS!!!


judge result of: 102062304_01
snapshot.rpt:	 PASS!!!
error_dump.rpt:	 PASS!!!


judge result of: 103062227_01
snapshot.rpt:	 PASS!!!
error_dump.rpt:	 PASS!!!


judge result of: pipeline3
snapshot.rpt:	 PASS!!!
error_dump.rpt:	 PASS!!!


judge result of: 102062120_01
snapshot.rpt:	 PASS!!!
error_dump.rpt:	 PASS!!!


judge result of: 102062306_01
snapshot.rpt:	 PASS!!!
error_dump.rpt:	 PASS!!!


judge result of: 102062272_01
snapshot.rpt:	 PASS!!!
error_dump.rpt:	 PASS!!!


judge result of: 102060010_01
snapshot.rpt:	 PASS!!!
error_dump.rpt:	 PASS!!!


judge result of: 103020022_01
snapshot.rpt:	 PASS!!!
error_dump.rpt:	 PASS!!!


judge result of: 103062161_01
snapshot.rpt:	 PASS!!!
error_dump.rpt:	 PASS!!!


judge result of: error
snapshot.rpt:	 PASS!!!
error_dump.rpt:	 PASS!!!


judge result of: 102062115_01
snapshot.rpt:	 PASS!!!
error_dump.rpt:	 PASS!!!


judge result of: 1022002s_01
snapshot.rpt:	 PASS!!!
error_dump.rpt:	 PASS!!!


judge result of: 102062129_01
snapshot.rpt:	 PASS!!!
error_dump.rpt:	 PASS!!!


judge result of: 103062138_01
snapshot.rpt:	 PASS!!!
error_dump.rpt:	 PASS!!!


judge result of: 102062239_01
snapshot.rpt:	 PASS!!!
error_dump.rpt:	 PASS!!!


judge result of: 103062319_01
snapshot.rpt:	 PASS!!!
error_dump.rpt:	 PASS!!!


judge result of: 102062242_01
snapshot.rpt:	 PASS!!!
error_dump.rpt:	 PASS!!!


judge result of: 103062218_01
snapshot.rpt:	 PASS!!!
error_dump.rpt:	 PASS!!!


judge result of: error_2
snapshot.rpt:	 PASS!!!
error_dump.rpt:	 PASS!!!


judge result of: pipeline2
snapshot.rpt:	 PASS!!!
error_dump.rpt:	 PASS!!!


judge result of: 101062206_01
snapshot.rpt:	 PASS!!!
error_dump.rpt:	 PASS!!!


judge result of: 102062206_01
snapshot.rpt:	 PASS!!!
error_dump.rpt:	 PASS!!!


judge result of: bubble_sort
snapshot.rpt:	 PASS!!!
error_dump.rpt:	 PASS!!!


judge result of: 103062109_01
snapshot.rpt:	 PASS!!!
error_dump.rpt:	 PASS!!!


judge result of: 102070028_01
snapshot.rpt:	 PASS!!!
error_dump.rpt:	 PASS!!!


judge result of: 102060015_01
snapshot.rpt:	 PASS!!!
error_dump.rpt:	 PASS!!!


judge result of: 102022527_01
snapshot.rpt:	 PASS!!!
error_dump.rpt:	 PASS!!!


judge result of: 103062302_01
snapshot.rpt:	 PASS!!!
error_dump.rpt:	 PASS!!!


judge result of: 103000099_01
snapshot.rpt:	 PASS!!!
error_dump.rpt:	 PASS!!!


judge result of: 103062122_01
snapshot.rpt:	 PASS!!!
error_dump.rpt:	 PASS!!!


judge result of: branch
snapshot.rpt:	 PASS!!!
error_dump.rpt:	 PASS!!!


judge result of: 102062201_01
snapshot.rpt:	 PASS!!!
error_dump.rpt:	 PASS!!!


judge result of: 102062341_01
snapshot.rpt:	 PASS!!!
error_dump.rpt:	 PASS!!!


judge result of: 102062102_01
snapshot.rpt:	 PASS!!!
error_dump.rpt:	 PASS!!!


judge result of: 103062215_01
snapshot.rpt:	 PASS!!!
error_dump.rpt:	 PASS!!!


judge result of: 102062207_01
snapshot.rpt:	 PASS!!!
error_dump.rpt:	 PASS!!!


judge result of: 103062336_01
snapshot.rpt:	 PASS!!!
error_dump.rpt:	 PASS!!!


judge result of: 103062120_01
snapshot.rpt:	 PASS!!!
error_dump.rpt:	 PASS!!!


judge result of: 102060024_01
snapshot.rpt:	 PASS!!!
error_dump.rpt:	 PASS!!!


judge result of: 101070038_01
snapshot.rpt:	 PASS!!!
error_dump.rpt:	 PASS!!!


judge result of: 103062312_01
snapshot.rpt:	 PASS!!!
error_dump.rpt:	 PASS!!!


judge result of: 102060009_01
snapshot.rpt:	 PASS!!!
error_dump.rpt:	 PASS!!!


judge result of: 102000039_01
snapshot.rpt:	 PASS!!!
error_dump.rpt:	 PASS!!!


judge result of: 103062108_01
snapshot.rpt:	 PASS!!!
error_dump.rpt:	 PASS!!!


judge result of: 1022035s_01
snapshot.rpt:	 PASS!!!
error_dump.rpt:	 PASS!!!


judge result of: 103062228_01
snapshot.rpt:	 PASS!!!
error_dump.rpt:	 PASS!!!


judge result of: error1
snapshot.rpt:	 PASS!!!
error_dump.rpt:	 PASS!!!


judge result of: 103062224_01
snapshot.rpt:	 PASS!!!
error_dump.rpt:	 PASS!!!


judge result of: 103065529_01
snapshot.rpt:	 PASS!!!
error_dump.rpt:	 PASS!!!


judge result of: bug
snapshot.rpt:	 PASS!!!
error_dump.rpt:	 PASS!!!


judge result of: 102062110_01
snapshot.rpt:	 PASS!!!
error_dump.rpt:	 PASS!!!


judge result of: 103060005_01
snapshot.rpt:	 PASS!!!
error_dump.rpt:	 PASS!!!


judge result of: 102022111_01
snapshot.rpt:	 PASS!!!
error_dump.rpt:	 PASS!!!


judge result of: 102062209_01
snapshot.rpt:	 PASS!!!
error_dump.rpt:	 PASS!!!


judge result of: 102061242_01
snapshot.rpt:	 PASS!!!
error_dump.rpt:	 PASS!!!


judge result of: 103062134_01
snapshot.rpt:	 PASS!!!
error_dump.rpt:	 PASS!!!


judge result of: 102062203_01
snapshot.rpt:	 PASS!!!
error_dump.rpt:	 PASS!!!


judge result of: 102060013_01
snapshot.rpt:	 PASS!!!
error_dump.rpt:	 PASS!!!


judge result of: 103062105_01
snapshot.rpt:	 PASS!!!
error_dump.rpt:	 PASS!!!


judge result of: fib_dp
snapshot.rpt:	 PASS!!!
error_dump.rpt:	 PASS!!!


judge result of: 102062104_01
snapshot.rpt:	 PASS!!!
error_dump.rpt:	 PASS!!!


judge result of: 102072236_01
snapshot.rpt:	 PASS!!!
error_dump.rpt:	 PASS!!!


judge result of: seq
snapshot.rpt:	 PASS!!!
error_dump.rpt:	 PASS!!!


judge result of: func
snapshot.rpt:	 PASS!!!
error_dump.rpt:	 PASS!!!


judge result of: 103062212_01
snapshot.rpt:	 PASS!!!
error_dump.rpt:	 PASS!!!


judge result of: recur
snapshot.rpt:	 PASS!!!
error_dump.rpt:	 PASS!!!


judge result of: myTC
snapshot.rpt:	 PASS!!!
error_dump.rpt:	 PASS!!!


judge result of: 103062214_01
snapshot.rpt:	 PASS!!!
error_dump.rpt:	 PASS!!!


judge result of: 102062314_01
snapshot.rpt:	 PASS!!!
error_dump.rpt:	 PASS!!!


judge result of: 102062307_01
snapshot.rpt:	 PASS!!!
error_dump.rpt:	 PASS!!!


judge result of: 101021124_01
snapshot.rpt:	 PASS!!!
error_dump.rpt:	 PASS!!!


judge result of: 102062137_01
snapshot.rpt:	 PASS!!!
error_dump.rpt:	 PASS!!!


judge result of: 102062326_01
snapshot.rpt:	 PASS!!!
error_dump.rpt:	 PASS!!!


judge result of: 102000002_01
snapshot.rpt:	 PASS!!!
error_dump.rpt:	 PASS!!!


judge result of: 102062130_01
snapshot.rpt:	 PASS!!!
error_dump.rpt:	 PASS!!!


judge result of: 103062226_01
snapshot.rpt:	 PASS!!!
error_dump.rpt:	 PASS!!!


judge result of: 103060010_01
snapshot.rpt:	 PASS!!!
error_dump.rpt:	 PASS!!!


judge result of: fd03357293_01
snapshot.rpt:	 PASS!!!
error_dump.rpt:	 PASS!!!


judge result of: 103062318_01
snapshot.rpt:	 PASS!!!
error_dump.rpt:	 PASS!!!


judge result of: 102070020_01
snapshot.rpt:	 PASS!!!
error_dump.rpt:	 PASS!!!


judge result of: 102062208_01
snapshot.rpt:	 PASS!!!
error_dump.rpt:	 PASS!!!


judge result of: error3
snapshot.rpt:	 PASS!!!
error_dump.rpt:	 PASS!!!


judge result of: error2
snapshot.rpt:	 PASS!!!
error_dump.rpt:	 PASS!!!


judge result of: 103062325_01
snapshot.rpt:	 PASS!!!
error_dump.rpt:	 PASS!!!


judge result of: 102062215_01
snapshot.rpt:	 PASS!!!
error_dump.rpt:	 PASS!!!


judge result of: 102062136_01
snapshot.rpt:	 PASS!!!
error_dump.rpt:	 PASS!!!


judge result of: 101060016_01
snapshot.rpt:	 PASS!!!
error_dump.rpt:	 PASS!!!


judge result of: 102081005_01
snapshot.rpt:	 PASS!!!
error_dump.rpt:	 PASS!!!


judge result of: error_3
snapshot.rpt:	 PASS!!!
error_dump.rpt:	 PASS!!!


judge result of: 103062232_01
snapshot.rpt:	 PASS!!!
error_dump.rpt:	 PASS!!!


judge result of: 102062222_01
snapshot.rpt:	 PASS!!!
error_dump.rpt:	 PASS!!!


judge result of: 100033235_01
snapshot.rpt:	 PASS!!!
error_dump.rpt:	 PASS!!!


judge result of: 102061152_01
snapshot.rpt:	 PASS!!!
error_dump.rpt:	 PASS!!!


judge result of: 103033110_01
snapshot.rpt:	 PASS!!!
error_dump.rpt:	 PASS!!!


judge result of: 103062217_01
snapshot.rpt:	 PASS!!!
error_dump.rpt:	 PASS!!!


judge result of: 102062108_01
snapshot.rpt:	 PASS!!!
error_dump.rpt:	 PASS!!!


judge result of: pipeline1
snapshot.rpt:	 PASS!!!
error_dump.rpt:	 PASS!!!


judge result of: multiply
snapshot.rpt:	 PASS!!!
error_dump.rpt:	 PASS!!!


judge result of: 102062317_01
snapshot.rpt:	 PASS!!!
error_dump.rpt:	 PASS!!!


judge result of: 103062338_01
snapshot.rpt:	 PASS!!!
error_dump.rpt:	 PASS!!!


judge result of: 103062223_01
snapshot.rpt:	 PASS!!!
error_dump.rpt:	 PASS!!!


judge result of: 102062303_01
snapshot.rpt:	 PASS!!!
error_dump.rpt:	 PASS!!!


judge result of: 103062313_01
snapshot.rpt:	 PASS!!!
error_dump.rpt:	 PASS!!!


judge result of: 102062309_01
snapshot.rpt:	 PASS!!!
error_dump.rpt:	 PASS!!!


judge result of: lemon
snapshot.rpt:	 PASS!!!
error_dump.rpt:	 PASS!!!


judge result of: 102060003_01
snapshot.rpt:	 PASS!!!
error_dump.rpt:	 PASS!!!


judge result of: 102062332_01
snapshot.rpt:	 PASS!!!
error_dump.rpt:	 PASS!!!


judge result of: 102062142_01
snapshot.rpt:	 PASS!!!
error_dump.rpt:	 PASS!!!


judge result of: 102062202_01
snapshot.rpt:	 PASS!!!
error_dump.rpt:	 PASS!!!


judge result of: 102062338_01
snapshot.rpt:	 PASS!!!
error_dump.rpt:	 PASS!!!


judge result of: 102021117_01
snapshot.rpt:	 PASS!!!
error_dump.rpt:	 PASS!!!


judge result of: 101062129_01
snapshot.rpt:	 PASS!!!
error_dump.rpt:	 PASS!!!


judge result of: 102062221_01
snapshot.rpt:	 PASS!!!
error_dump.rpt:	 PASS!!!


judge result of: 102060020_01
snapshot.rpt:	 PASS!!!
error_dump.rpt:	 PASS!!!


judge result of: 103060023_01
snapshot.rpt:	 PASS!!!
error_dump.rpt:	 PASS!!!


judge result of: 102062240_01
snapshot.rpt:	 PASS!!!
error_dump.rpt:	 PASS!!!


judge result of: 102062312_01
snapshot.rpt:	 PASS!!!
error_dump.rpt:	 PASS!!!


judge result of: 103062135_01
snapshot.rpt:	 PASS!!!
error_dump.rpt:	 PASS!!!


judge result of: 102062337_01
snapshot.rpt:	 PASS!!!
error_dump.rpt:	 PASS!!!


judge result of: 102070021_01
snapshot.rpt:	 PASS!!!
error_dump.rpt:	 PASS!!!


judge result of: 102062327_01
snapshot.rpt:	 PASS!!!
error_dump.rpt:	 PASS!!!


judge result of: 102062329_01
snapshot.rpt:	 PASS!!!
error_dump.rpt:	 PASS!!!


judge result of: x1037032_01
snapshot.rpt:	 PASS!!!
error_dump.rpt:	 PASS!!!


judge result of: 102062233_01
snapshot.rpt:	 PASS!!!
error_dump.rpt:	 PASS!!!


